d:\github\ar-heatmap\heatmapbuild\debug\vc142.pdb
d:\github\ar-heatmap\heatmapbuild\debug\vc142.idb
d:\github\ar-heatmap\heatmapbuild\debug\rdpu.obj
d:\github\ar-heatmap\heatmapbuild\debug\rdgy.obj
d:\github\ar-heatmap\heatmapbuild\debug\rdbu.obj
d:\github\ar-heatmap\heatmapbuild\debug\purples.obj
d:\github\ar-heatmap\heatmapbuild\debug\purd.obj
d:\github\ar-heatmap\heatmapbuild\debug\puor.obj
d:\github\ar-heatmap\heatmapbuild\debug\pubugn.obj
d:\github\ar-heatmap\heatmapbuild\debug\pubu.obj
d:\github\ar-heatmap\heatmapbuild\debug\prgn.obj
d:\github\ar-heatmap\heatmapbuild\debug\piyg.obj
d:\github\ar-heatmap\heatmapbuild\debug\orrd.obj
d:\github\ar-heatmap\heatmapbuild\debug\oranges.obj
d:\github\ar-heatmap\heatmapbuild\debug\greys.obj
d:\github\ar-heatmap\heatmapbuild\debug\greens.obj
d:\github\ar-heatmap\heatmapbuild\debug\gray.obj
d:\github\ar-heatmap\heatmapbuild\debug\gnbu.obj
d:\github\ar-heatmap\heatmapbuild\debug\bupu.obj
d:\github\ar-heatmap\heatmapbuild\debug\bugn.obj
d:\github\ar-heatmap\heatmapbuild\debug\brbg.obj
d:\github\ar-heatmap\heatmapbuild\debug\blues.obj
d:\github\ar-heatmap\heatmapbuild\debug\heatmapbuild.obj
d:\github\ar-heatmap\heatmapbuild\debug\ylorrd.obj
d:\github\ar-heatmap\heatmapbuild\debug\ylorbr.obj
d:\github\ar-heatmap\heatmapbuild\debug\ylgnbu.obj
d:\github\ar-heatmap\heatmapbuild\debug\ylgn.obj
d:\github\ar-heatmap\heatmapbuild\debug\spectral.obj
d:\github\ar-heatmap\heatmapbuild\debug\reds.obj
d:\github\ar-heatmap\heatmapbuild\debug\rdylgn.obj
d:\github\ar-heatmap\heatmapbuild\debug\rdylbu.obj
d:\github\ar-heatmap\heatmapbuild\debug\lodepng.obj
d:\github\ar-heatmap\heatmapbuild\debug\heatmap_gen.obj
d:\github\ar-heatmap\heatmapbuild\debug\heatmapbuild.exe
d:\github\ar-heatmap\heatmapbuild\debug\heatmapbuild.ilk
d:\github\ar-heatmap\heatmapbuild\debug\heatmapbuild.pdb
d:\github\ar-heatmap\heatmapbuild\debug\heatmapbuild.tlog\cl.command.1.tlog
d:\github\ar-heatmap\heatmapbuild\debug\heatmapbuild.tlog\cl.read.1.tlog
d:\github\ar-heatmap\heatmapbuild\debug\heatmapbuild.tlog\cl.write.1.tlog
d:\github\ar-heatmap\heatmapbuild\debug\heatmapbuild.tlog\link.command.1.tlog
d:\github\ar-heatmap\heatmapbuild\debug\heatmapbuild.tlog\link.read.1.tlog
d:\github\ar-heatmap\heatmapbuild\debug\heatmapbuild.tlog\link.write.1.tlog
