d:\github\ar-heatmap\heatmapbuild\release\vc142.pdb
d:\github\ar-heatmap\heatmapbuild\release\rdpu.obj
d:\github\ar-heatmap\heatmapbuild\release\rdgy.obj
d:\github\ar-heatmap\heatmapbuild\release\rdbu.obj
d:\github\ar-heatmap\heatmapbuild\release\purples.obj
d:\github\ar-heatmap\heatmapbuild\release\purd.obj
d:\github\ar-heatmap\heatmapbuild\release\puor.obj
d:\github\ar-heatmap\heatmapbuild\release\pubugn.obj
d:\github\ar-heatmap\heatmapbuild\release\pubu.obj
d:\github\ar-heatmap\heatmapbuild\release\prgn.obj
d:\github\ar-heatmap\heatmapbuild\release\piyg.obj
d:\github\ar-heatmap\heatmapbuild\release\orrd.obj
d:\github\ar-heatmap\heatmapbuild\release\oranges.obj
d:\github\ar-heatmap\heatmapbuild\release\greys.obj
d:\github\ar-heatmap\heatmapbuild\release\greens.obj
d:\github\ar-heatmap\heatmapbuild\release\gray.obj
d:\github\ar-heatmap\heatmapbuild\release\gnbu.obj
d:\github\ar-heatmap\heatmapbuild\release\bupu.obj
d:\github\ar-heatmap\heatmapbuild\release\bugn.obj
d:\github\ar-heatmap\heatmapbuild\release\brbg.obj
d:\github\ar-heatmap\heatmapbuild\release\blues.obj
d:\github\ar-heatmap\heatmapbuild\release\heatmapbuild.obj
d:\github\ar-heatmap\heatmapbuild\release\ylorrd.obj
d:\github\ar-heatmap\heatmapbuild\release\ylorbr.obj
d:\github\ar-heatmap\heatmapbuild\release\ylgnbu.obj
d:\github\ar-heatmap\heatmapbuild\release\ylgn.obj
d:\github\ar-heatmap\heatmapbuild\release\spectral.obj
d:\github\ar-heatmap\heatmapbuild\release\reds.obj
d:\github\ar-heatmap\heatmapbuild\release\rdylgn.obj
d:\github\ar-heatmap\heatmapbuild\release\rdylbu.obj
d:\github\ar-heatmap\heatmapbuild\release\heatmap_gen.obj
d:\github\ar-heatmap\heatmapbuild\release\heatmapbuild.tlog\cl.command.1.tlog
d:\github\ar-heatmap\heatmapbuild\release\heatmapbuild.tlog\cl.read.1.tlog
d:\github\ar-heatmap\heatmapbuild\release\heatmapbuild.tlog\cl.write.1.tlog
